<?xml version="1.0" encoding="UTF-8"?>
<!-- Generated by org.testng.reporters.JUnitXMLReporter -->
<testsuite ignored="6" hostname="Home" failures="0" tests="1" name="Test" time="18.702" errors="0" timestamp="2021-07-27T08:23:47 IST">
  <testcase classname="june27_2.SignTest" name="contactus" time="5.01"/>
  <testcase classname="june27_2.SignTest" name="Login1" time="0.0">
    <ignored/>
  </testcase> <!-- Login1 -->
  <testcase classname="june27_2.SignTest" name="login3UsingExcel" time="0.0">
    <ignored/>
  </testcase> <!-- login3UsingExcel -->
  <testcase classname="june27_2.SignTest" name="search" time="0.0">
    <ignored/>
  </testcase> <!-- search -->
  <testcase classname="june27_2.SignTest" name="login4" time="0.0">
    <ignored/>
  </testcase> <!-- login4 -->
  <testcase classname="june27_2.SignTest" name="login2" time="0.0">
    <ignored/>
  </testcase> <!-- login2 -->
  <testcase classname="june27_2.SignTest" name="login5" time="0.0">
    <ignored/>
  </testcase> <!-- login5 -->
</testsuite> <!-- Test -->
